{"name": "test_methodD", "status": "failed", "statusDetails": {"message": "AssertionError: assert False", "trace": "def test_methodD():\n        print(\"This is method D\")\n>       assert False\nE       assert False\n\ntest_PytestAllure2.py:23: AssertionError"}, "start": 1673031537148, "stop": 1673031537148, "uuid": "7210521f-2143-4831-90a3-68f4813d0416", "historyId": "560fc3b9e282e3be0b58b2c54f3a0fee", "testCaseId": "cbb9945883aa26241e45e6841131acca", "fullName": "test_PytestAllure2#test_methodD", "labels": [{"name": "suite", "value": "test_PytestAllure2"}, {"name": "host", "value": "DESKTOP-CL62PMK"}, {"name": "thread", "value": "15648-MainThread"}, {"name": "framework", "value": "pytest"}, {"name": "language", "value": "cpython3"}, {"name": "package", "value": "test_PytestAllure2"}]}